<?xml version="1.0" encoding="UTF-8"?>
<testsuite name="TestCafeDAO" tests="9" skipped="0" failures="0" errors="0" timestamp="2021-12-10T19:49:20" hostname="DESKTOP-TGVH71D" time="0.226">
  <properties/>
  <testcase name="verTabla()" classname="TestCafeDAO" time="0.175"/>
  <testcase name="obtener()" classname="TestCafeDAO" time="0.011"/>
  <testcase name="borrar()" classname="TestCafeDAO" time="0.008"/>
  <testcase name="buscar()" classname="TestCafeDAO" time="0.005"/>
  <testcase name="actualizar()" classname="TestCafeDAO" time="0.004"/>
  <testcase name="La conexiÃ³n no deberÃ­a lanza una excepciÃ³n" classname="TestCafeDAO" time="0.004"/>
  <testcase name="tranferencia()" classname="TestCafeDAO" time="0.004"/>
  <testcase name="insertar()" classname="TestCafeDAO" time="0.007"/>
  <testcase name="cafePorProveedor()" classname="TestCafeDAO" time="0.004"/>
  <system-out><![CDATA[Connectado a BD
Releasing all open resources ...
Connectado a BD
Releasing all open resources ...
Connectado a BD
El cafÃ© Cafetito ha sido borrado.
Releasing all open resources ...
Connectado a BD
Releasing all open resources ...
Connectado a BD
Releasing all open resources ...
Connectado a BD
Releasing all open resources ...
Connectado a BD
Releasing all open resources ...
Connectado a BD
Releasing all open resources ...
Connectado a BD
Releasing all open resources ...
]]></system-out>
  <system-err><![CDATA[]]></system-err>
</testsuite>
