<?xml version="1.0" encoding="UTF-8"?>
<testsuite name="TestAsignaturaDAO" tests="1" skipped="0" failures="0" errors="0" timestamp="2021-12-10T22:48:33" hostname="DESKTOP-TGVH71D" time="0.237">
  <properties/>
  <testcase name="buscar()" classname="TestAsignaturaDAO" time="0.237"/>
  <system-out><![CDATA[Connectado a BD
Se ha insertado 1 asignatura
Releasing all open resources ...
]]></system-out>
  <system-err><![CDATA[]]></system-err>
</testsuite>
