<?xml version="1.0" encoding="UTF-8"?>
<testsuite name="TestProveedorDAO" tests="5" skipped="0" failures="0" errors="0" timestamp="2021-12-10T21:56:43" hostname="DESKTOP-TGVH71D" time="0.237">
  <properties/>
  <testcase name="buscar()" classname="TestProveedorDAO" time="0.201"/>
  <testcase name="actualizar()" classname="TestProveedorDAO" time="0.017"/>
  <testcase name="conexion()" classname="TestProveedorDAO" time="0.005"/>
  <testcase name="eliminar()" classname="TestProveedorDAO" time="0.006"/>
  <testcase name="insertar()" classname="TestProveedorDAO" time="0.005"/>
  <system-out><![CDATA[Connectado a BD
Releasing all open resources ...
Connectado a BD
Se ha actualizado 0 proveedor
Releasing all open resources ...
Connectado a BD
Releasing all open resources ...
Connectado a BD
Se ha insertado 1 proveedor
Se ha eliminado 1 proveedor
Se ha eliminado 0 proveedor
Releasing all open resources ...
Connectado a BD
Se ha insertado 1 proveedor
Releasing all open resources ...
]]></system-out>
  <system-err><![CDATA[]]></system-err>
</testsuite>
